<?xml version="1.0" encoding="UTF-8"?>
<testng-results skipped="0" failed="0" total="1" passed="1">
  <reporter-output>
  </reporter-output>
  <suite name="com.codebind.AppTest" duration-ms="22761" started-at="2017-08-02T13:07:27Z" finished-at="2017-08-02T13:07:50Z">
    <groups>
    </groups>
    <test name="Command line test" duration-ms="22761" started-at="2017-08-02T13:07:27Z" finished-at="2017-08-02T13:07:50Z">
      <class name="com.codebind.AppTest">
        <test-method status="PASS" signature="test()" name="test" duration-ms="22750" started-at="2017-08-02T13:07:27Z" finished-at="2017-08-02T13:07:50Z">
        </test-method>
      </class>
    </test>
  </suite>
</testng-results>
